"../../../../../../Users/37256/Documents/Unreal Projects/p20201112_network/Content/Assets/20191229_Tsenter_Siim_unreal_modif/Geometries/Group_1.uasset" 0
"../../../../../../Users/37256/Documents/Unreal Projects/p20201112_network/Content/Assets/20191229_Tsenter_Siim_unreal_modif/Geometries/Group_23.uasset" 1
"../../../../../../Users/37256/Documents/Unreal Projects/p20201112_network/Content/Assets/20191229_Tsenter_Siim_unreal_modif_Assets/Wood_Plywood_Knots.uasset" 2
"../../../../../../Users/37256/Documents/Unreal Projects/p20201112_network/Content/Assets/Bottle/Bottle.uasset" 3
"../../../Engine/Content/Functions/Engine_MaterialFunctions01/Texturing/FlattenNormal.uasset" 4
"../../../Engine/Content/EngineMaterials/FlatNormal.uasset" 5
"../../../Engine/Content/EngineResources/WhiteSquareTexture.uasset" 6
"../../Plugins/Enterprise/DatasmithContent/Content/Materials/SketchUpMaster.uasset" 7
"../../../Engine/Content/EngineResources/DefaultTexture.uasset" 8
"../../../../../../Users/37256/Documents/Unreal Projects/p20201112_network/Content/Assets/Bottle/Materials/Default.uasset" 9
"../../../../../../Users/37256/Documents/Unreal Projects/p20201112_network/Content/Geometry/Meshes/CubeMaterial.uasset" 10
"../../../../../../Users/37256/Documents/Unreal Projects/p20201112_network/Content/Geometry/Meshes/1M_Cube.uasset" 11
"../../../../../../Users/37256/Documents/Unreal Projects/p20201112_network/Content/Geometry/Meshes/1M_Cube_Chamfer.uasset" 12
"../../../../../../Users/37256/Documents/Unreal Projects/p20201112_network/Content/Geometry/Meshes/TemplateFloor.uasset" 13
"../../../../../../Users/37256/Documents/Unreal Projects/p20201112_network/Content/Mannequin/Character/Mesh/UE4_Mannequin_Skeleton.uasset" 14
"../../../../../../Users/37256/Documents/Unreal Projects/p20201112_network/Content/Mannequin/Animations/ThirdPersonJump_End.uasset" 15
"../../../../../../Users/37256/Documents/Unreal Projects/p20201112_network/Content/S_UI/MainMenu/ErrorDialog.uasset" 16
"../../../Engine/Content/Animation/DefaultAnimBoneCompressionSettings.uasset" 17
"../../../Engine/Content/Animation/DefaultAnimCurveCompressionSettings.uasset" 18
"../../../Engine/Content/Functions/Engine_MaterialFunctions01/Opacity/CameraDepthFade.uasset" 19
"../../../Engine/Content/EngineMaterials/T_Default_Material_Grid_M.uasset" 20
"../../../Engine/Content/EngineMaterials/T_Default_Material_Grid_N.uasset" 21
"../../../Engine/Content/EngineMaterials/WorldGridMaterial.uasset" 22
"../../../Engine/Content/ArtTools/RenderToTexture/Meshes/S_1_Unit_Plane.uasset" 23
"../../../Engine/Content/EngineMaterials/DefaultMaterial.uasset" 24
"../../../Engine/Content/BasicShapes/Cone.uasset" 25
"../../../Engine/Content/BasicShapes/Cube.uasset" 26
"../../../Engine/Content/BasicShapes/Cylinder.uasset" 27
"../../../Engine/Content/BasicShapes/Plane.uasset" 28
"../../../Engine/Content/BasicShapes/Sphere.uasset" 29
"../../../Engine/Content/EditorLandscapeResources/DataLayer.uasset" 30
"../../../Engine/Content/EditorLandscapeResources/DefaultAlphaTexture.uasset" 31
"../../../Engine/Content/EditorMaterials/MAT_Groups_Toggle.uasset" 32
"../../../Engine/Content/EditorMaterials/MAT_Groups_Visibility.uasset" 33
"../../../Engine/Content/EditorMaterials/PreviewShadowIndicator.uasset" 34
"../../../Engine/Content/EditorMaterials/PreviewShadowIndicatorMaterial.uasset" 35
"../../../Engine/Content/EditorMaterials/AssetViewer/EpicQuadPanorama_CC+EV1.uasset" 36
"../../../Engine/Content/EditorMaterials/MatineeGroups/MAT_ColorTrack.uasset" 37
"../../../Engine/Content/EditorMaterials/MatineeGroups/MAT_Groups_Anim.uasset" 38
"../../../Engine/Content/EditorMaterials/MatineeGroups/MAT_Groups_AudioMaster.uasset" 39
"../../../Engine/Content/EditorMaterials/MatineeGroups/MAT_Groups_Director.uasset" 40
"../../../Engine/Content/EditorMaterials/MatineeGroups/MAT_Groups_Event.uasset" 41
"../../../Engine/Content/EditorMaterials/MatineeGroups/MAT_Groups_Fade.uasset" 42
"../../../Engine/Content/EditorMaterials/MatineeGroups/MAT_Groups_Float.uasset" 43
"../../../Engine/Content/EditorMaterials/MatineeGroups/MAT_Groups_Move.uasset" 44
"../../../Engine/Content/EditorMaterials/MatineeGroups/MAT_Groups_Slomo.uasset" 45
"../../../Engine/Content/EditorMaterials/MatineeGroups/MAT_Groups_Sound.uasset" 46
"../../../Engine/Content/EditorMaterials/MatineeGroups/MAT_Groups_Vector.uasset" 47
"../../../Engine/Content/EditorMaterials/ParticleSystems/PSysThumbnail_NoImage.uasset" 48
"../../../Engine/Content/EditorMaterials/ParticleSystems/PSysThumbnail_OOD.uasset" 49
"../../../Engine/Content/EditorMaterials/Camera/CineMat.uasset" 50
"../../../Engine/Content/EditorMaterials/Camera/MI_CineMat_Rig.uasset" 51
"../../../Engine/Content/EditorMeshes/Camera/SM_CraneRig_Arm.uasset" 52
"../../../Engine/Content/EditorMeshes/Camera/SM_CraneRig_Base.uasset" 53
"../../../Engine/Content/EditorMeshes/Camera/SM_CraneRig_Body.uasset" 54
"../../../Engine/Content/EditorMeshes/Camera/SM_CraneRig_Mount.uasset" 55
"../../../Engine/Content/EditorMeshes/Camera/SM_RailRig_Mount.uasset" 56
"../../../Engine/Content/EditorMeshes/Camera/SM_RailRig_Track.uasset" 57
"../../../Engine/Content/EditorResources/BSPVertex.uasset" 58
"../../../Engine/Content/EditorResources/EmptyActor.uasset" 59
"../../../Engine/Content/EditorResources/S_Actor.uasset" 60
"../../../Engine/Content/EditorResources/S_Note.uasset" 61
"../../../Engine/Content/EditorResources/S_Solver.uasset" 62
"../../../Engine/Content/EditorResources/S_Terrain.uasset" 63
"../../../Engine/Content/EditorResources/S_Trigger.uasset" 64
"../../../Engine/Content/EditorResources/LightIcons/S_LightError.uasset" 65
"../../../Engine/Content/EditorResources/SequenceRecorder/Countdown.uasset" 66
"../../../Engine/Content/EditorResources/SequenceRecorder/RecordingIndicator.uasset" 67
"../../../Engine/Content/EditorSounds/Notifications/CompileFailed.uasset" 68
"../../../Engine/Content/EditorSounds/Notifications/CompileFailed_Cue.uasset" 69
"../../../Engine/Content/EditorSounds/Notifications/CompileSuccess.uasset" 70
"../../../Engine/Content/EditorSounds/Notifications/CompileStart_Cue.uasset" 71
"../../../Engine/Content/EditorSounds/Notifications/CompileSuccess_Cue.uasset" 72
"../../../Engine/Content/EngineDamageTypes/DmgTypeBP_Environmental.uasset" 73
"../../../Engine/Content/EngineDebugMaterials/DebugEditorMaterial.uasset" 74
"../../../Engine/Content/EngineDebugMaterials/DebugMeshMaterial.uasset" 75
"../../../Engine/Content/EngineDebugMaterials/M_SimpleUnlitTranslucent.uasset" 76
"../../../Engine/Content/Functions/Engine_MaterialFunctions02/Utility/CameraDirectionVector.uasset" 77
"../../../Engine/Content/EngineDebugMaterials/VolumeToRender.uasset" 78
"../../../Engine/Content/EngineDebugMaterials/M_VolumeRenderSphereTracePP.uasset" 79
"../../../Engine/Content/EngineDebugMaterials/WireframeMaterial.uasset" 80
"../../../Engine/Content/EngineFonts/Faces/DroidSansFallback.uasset" 81
"../../../Engine/Content/EngineFonts/Faces/RobotoBold.uasset" 82
"../../../Engine/Content/EngineFonts/Faces/RobotoBoldItalic.uasset" 83
"../../../Engine/Content/EngineFonts/Faces/RobotoItalic.uasset" 84
"../../../Engine/Content/EngineFonts/Faces/RobotoLight.uasset" 85
"../../../Engine/Content/EngineFonts/Faces/RobotoRegular.uasset" 86
"../../../Engine/Content/EngineFonts/Roboto.uasset" 87
"../../../Engine/Content/EngineMaterials/BaseFlattenDiffuseMap.uasset" 88
"../../../Engine/Content/EngineMaterials/BaseFlattenEmissiveMap.uasset" 89
"../../../Engine/Content/EngineMaterials/BaseFlattenGrayscaleMap.uasset" 90
"../../../Engine/Content/EngineMaterials/BaseFlattenNormalMap.uasset" 91
"../../../Engine/Content/EngineMaterials/BaseFlattenMaterial.uasset" 92
"../../../Engine/Content/EngineMaterials/BlueNoise.uasset" 93
"../../../Engine/Content/EngineMaterials/DefaultBloomKernel.uasset" 94
"../../../Engine/Content/EngineMaterials/DefaultBokeh.uasset" 95
"../../../Engine/Content/EngineMaterials/DefaultDiffuse.uasset" 96
"../../../Engine/Content/EngineMaterials/DefaultDeferredDecalMaterial.uasset" 97
"../../../Engine/Content/EngineMaterials/DefaultLightFunctionMaterial.uasset" 98
"../../../Engine/Content/EngineMaterials/DefaultPhysicalMaterial.uasset" 99
"../../../Engine/Content/Functions/Engine_MaterialFunctions02/Utility/BreakOutFloat2Components.uasset" 100
"../../../Engine/Content/EngineMaterials/DefaultPostProcessMaterial.uasset" 101
"../../../Engine/Content/EngineFonts/RobotoDistanceField.uasset" 102
"../../../Engine/Content/EngineMaterials/DefaultTextMaterialOpaque.uasset" 103
"../../../Engine/Content/EngineMaterials/DefaultWhiteGrid.uasset" 104
"../../../Engine/Content/EngineMaterials/DefaultWhiteGrid_Low.uasset" 105
"../../../Engine/Content/EngineMaterials/EmissiveMeshMaterial.uasset" 106
"../../../Engine/Content/EngineMaterials/GizmoMaterial.uasset" 107
"../../../Engine/Content/EngineMaterials/Good64x64TilingNoiseHighFreq.uasset" 108
"../../../Engine/Content/EngineMaterials/MiniFont.uasset" 109
"../../../Engine/Content/EngineMaterials/InvalidLightmapSettings.uasset" 110
"../../../Engine/Content/EngineMaterials/M_InvalidLightmapSettings.uasset" 111
"../../../Engine/Content/Functions/Engine_MaterialFunctions02/WorldPositionOffset/CameraOffset.uasset" 112
"../../../Engine/Content/EngineMaterials/PhAT_JointLimitMaterial.uasset" 113
"../../../Engine/Content/EngineMaterials/PreintegratedSkinBRDF.uasset" 114
"../../../Engine/Content/EngineMaterials/RemoveSurfaceMaterial.uasset" 115
"../../../Engine/Content/EngineMaterials/WeightMapPlaceholderTexture.uasset" 116
"../../../Engine/Content/EngineMaterials/Widget3DPassThrough.uasset" 117
"../../../Engine/Content/EngineMaterials/Widget3DPassThrough_Masked.uasset" 118
"../../../Engine/Content/EngineMaterials/Widget3DPassThrough_Opaque.uasset" 119
"../../../Engine/Content/EngineMaterials/Widget3DPassThrough_Masked_OneSided.uasset" 120
"../../../Engine/Content/EngineMaterials/Widget3DPassThrough_Opaque_OneSided.uasset" 121
"../../../Engine/Content/EngineMaterials/Widget3DPassThrough_Translucent.uasset" 122
"../../../Engine/Content/EngineMaterials/Widget3DPassThrough_Translucent_OneSided.uasset" 123
"../../../Engine/Content/EngineMeshes/Cylinder.uasset" 124
"../../../Engine/Content/EngineMeshes/Sphere.uasset" 125
"../../../Engine/Content/EngineResources/DefaultTextureCube.uasset" 126
"../../../Engine/Content/EngineResources/DefaultVolumeTexture2D.uasset" 127
"../../../Engine/Content/EngineResources/DefaultVolumeTexture.uasset" 128
"../../../Engine/Content/EngineResources/GradientTexture0.uasset" 129
"../../../Engine/Content/EngineSounds/Master.uasset" 130
"../../../Engine/Content/Functions/Engine_MaterialFunctions01/Shading/ConvertFromDiffSpec.uasset" 131
"../../../Engine/Content/Functions/Engine_MaterialFunctions01/Shading/PowerToRoughness.uasset" 132
"../../../Engine/Content/Maps/Templates/Thumbnails/Default.uasset" 133
"../../../Engine/Content/Maps/Templates/Thumbnails/TimeOfDay.uasset" 134
"../../../Engine/Content/Maps/Templates/Thumbnails/VR-Basic.uasset" 135
"../../../Engine/Content/MobileResources/T_MobileControls_texture.uasset" 136
"../../../Engine/Content/MobileResources/T_MobileMenu2.uasset" 137
"../../../Engine/Content/MobileResources/HUD/AnalogHat.uasset" 138
"../../../Engine/Content/MobileResources/HUD/VirtualJoystick_Background.uasset" 139
"../../../Engine/Content/MobileResources/HUD/VirtualJoystick_Thumb.uasset" 140
"../../../Engine/Content/MobileResources/HUD/DefaultVirtualJoysticks.uasset" 141
"../../../Engine/Content/MobileResources/HUD/LeftVirtualJoystickOnly.uasset" 142
"../../../Engine/Content/MobileResources/HUD/MobileHUDButton1_off.uasset" 143
"../../../Engine/Content/MobileResources/HUD/MobileHUDButton1_on.uasset" 144
"../../../Engine/Content/MobileResources/HUD/MobileHUDButton2_off.uasset" 145
"../../../Engine/Content/MobileResources/HUD/MobileHUDButton2_on.uasset" 146
"../../../Engine/Content/MobileResources/HUD/MobileHUDButton3.uasset" 147
"../../../Engine/Content/MobileResources/HUD/MobileHUDButtonFire.uasset" 148
"../../../Engine/Content/MobileResources/HUD/MobileHUDDirectionPad.uasset" 149
"../../../Engine/Content/MobileResources/HUD/MobileHUDDirectionPad2.uasset" 150
"../../../Engine/Content/MobileResources/HUD/MobileHUDDirectionPad3.uasset" 151
"../../../Engine/Content/MobileResources/HUD/MobileHUDDirectionStick.uasset" 152
"../../../Engine/Content/MobileResources/HUD/T_Castle_ThumbstickInner.uasset" 153
"../../../Engine/Content/MobileResources/HUD/T_Castle_ThumbstickOutter.uasset" 154
"../../../Engine/Content/Tutorial/ContentIntroCurve.uasset" 155
"../../../Engine/Content/Tutorial/Basics/LevelEditorAttract.uasset" 156
"../../../Engine/Content/VREditor/LaserPointer/VR_LaserPower_01.uasset" 157
"../../../Engine/Content/VREditor/TransformGizmo/TransformGizmoMaterial.uasset" 158
"../../../Engine/Content/VREditor/TransformGizmo/TranslucentTransformGizmoMaterial.uasset" 159
"../../../Engine/Content/VREditor/TransformGizmo/BoundingBoxCorner.uasset" 160
"../../../Engine/Content/VREditor/TransformGizmo/BoundingBoxEdge.uasset" 161
"../../../Engine/Content/VREditor/TransformGizmo/PlaneTranslationHandle.uasset" 162
"../../../Engine/Content/VREditor/TransformGizmo/Main.uasset" 163
"../../../Engine/Content/VREditor/TransformGizmo/Xray.uasset" 164
"../../../Engine/Content/VREditor/TransformGizmo/SM_Sequencer_Key.uasset" 165
"../../../Engine/Content/VREditor/TransformGizmo/SM_Sequencer_Node.uasset" 166
"../../Plugins/2D/Paper2D/Content/PlaceholderTextures/DummySpriteTexture.uasset" 167
"../../Plugins/2D/Paper2D/Content/DummySprite.uasset" 168
"../../Plugins/2D/Paper2D/Content/DefaultPaperTerrainMaterial.uasset" 169
"../../Plugins/2D/Paper2D/Content/DefaultSpriteMaterial.uasset" 170
"../../Plugins/2D/Paper2D/Content/MaskedUnlitSpriteMaterial.uasset" 171
"../../Plugins/2D/Paper2D/Content/OpaqueUnlitSpriteMaterial.uasset" 172
"../../../Engine/Content/Functions/Engine_MaterialFunctions02/Texturing/CustomRotator.uasset" 173
"../../Plugins/Enterprise/DatasmithContent/Content/Materials/C4DMasterUV.uasset" 174
"../../Plugins/Enterprise/DatasmithContent/Content/Materials/TileMirrorAxis.uasset" 175
"../../Plugins/Enterprise/DatasmithContent/Content/Materials/UVEdit.uasset" 176
"../../../Engine/Content/Functions/Engine_MaterialFunctions02/HueShift.uasset" 177
"../../../Engine/Content/ArtTools/RenderToTexture/Textures/127grey.uasset" 178
"../../../Engine/Content/EditorLandscapeResources/WhiteSquareTexture.uasset" 179
"../../../Engine/Content/EngineMaterials/T_Default_Normal.uasset" 180
"../../../Engine/Content/EngineResources/Black.uasset" 181
"../../Plugins/Enterprise/DatasmithContent/Content/Materials/C4DMaster.uasset" 182
"../../Plugins/Enterprise/DatasmithContent/Content/Materials/CE_BaseMaster.uasset" 183
"../../Plugins/Enterprise/DatasmithContent/Content/Materials/CE_OpacityMaster.uasset" 184
"../../Plugins/Enterprise/DatasmithContent/Content/Materials/CE_OpacitySimpleMaster.uasset" 185
"../../Plugins/Enterprise/DatasmithContent/Content/Materials/CE_OpaqueMaster.uasset" 186
"../../../Engine/Content/Functions/Engine_MaterialFunctions03/Procedurals/NormalFromHeightmap.uasset" 187
"../../Plugins/Enterprise/DatasmithContent/Content/Materials/RevitMaster.uasset" 188
"../../Plugins/FX/Niagara/Content/Enums/ENiagaraBooleanLogicOps.uasset" 189
"../../Plugins/FX/Niagara/Content/Enums/ENiagaraCoordinateSpace.uasset" 190
"../../Plugins/FX/Niagara/Content/Enums/ENiagaraExpansionMode.uasset" 191
"../../Plugins/FX/Niagara/Content/Enums/ENiagaraOrientationAxis.uasset" 192
"../../Plugins/FX/Niagara/Content/Enums/ENiagaraRandomnessMode.uasset" 193
"../../../Engine/Content/Functions/Engine_MaterialFunctions02/Utility/BreakOutFloat4Components.uasset" 194
"../../../Engine/Content/Functions/Engine_MaterialFunctions02/Utility/MakeFloat2.uasset" 195
"../../../Engine/Content/Functions/Engine_MaterialFunctions02/Utility/MakeFloat3.uasset" 196
"../../Plugins/Runtime/Oculus/OculusVR/Content/Materials/OculusMR_ChromaKey.uasset" 197
"../../Plugins/Runtime/Oculus/OculusVR/Content/Materials/OculusMR_ChromaKey_Lit.uasset" 198
"../../Plugins/Runtime/Oculus/OculusVR/Content/Materials/OculusMR_OpaqueColoredMaterial.uasset" 199
"../../Plugins/Runtime/Oculus/OculusVR/Content/Materials/OculusMR_WhiteMaterial.uasset" 200
"../../../Engine/Content/EditorBlueprintResources/StandardMacros.uasset" 201
"../../../../../../Users/37256/Documents/Unreal Projects/p20201112_network/Content/S_UI/AllLevels/LoadingScreen.uasset" 202
"../../../../../../Users/37256/Documents/Unreal Projects/p20201112_network/Content/S_UI/AllLevels/CommonWords.uasset" 203
"../../../../../../Users/37256/Documents/Unreal Projects/p20201112_network/Content/S_UI/MainMenu/HostMenu.uasset" 204
"../../../../../../Users/37256/Documents/Unreal Projects/p20201112_network/Content/S_UI/MainMenu/MainMenu.uasset" 205
"../../../../../../Users/37256/Documents/Unreal Projects/p20201112_network/Content/S_Blueprints/AllLevels/PlayerInfo.uasset" 206
"../../../../../../Users/37256/Documents/Unreal Projects/p20201112_network/Content/S_Blueprints/AllLevels/PlayerSaveGame.uasset" 207
"../../../../../../Users/37256/Documents/Unreal Projects/p20201112_network/Content/S_UI/MainMenu/OptionsMenu.uasset" 208
"../../../../../../Users/37256/Documents/Unreal Projects/p20201112_network/Content/S_UI/MainMenu/ServerMenu.uasset" 209
"../../../../../../Users/37256/Documents/Unreal Projects/p20201112_network/Content/S_Blueprints/AllLevels/GameInfoInstance.uasset" 210
"../../../../../../Users/37256/Documents/Unreal Projects/p20201112_network/Content/S_Maps/MainMenu_BuiltData.uasset" 211
"../../../../../../Users/37256/Documents/Unreal Projects/p20201112_network/Content/S_Maps/MainMenu.umap" 212
"../../../Engine/Content/EngineSky/C_Sky_Cloud_Color.uasset" 213
"../../../Engine/Content/EngineSky/C_Sky_Horizon_Color.uasset" 214
"../../../Engine/Content/EngineSky/C_Sky_Zenith_Color.uasset" 215
"../../../Engine/Content/EngineSky/T_Sky_Blue.uasset" 216
"../../../Engine/Content/EngineSky/T_Sky_Clouds_M.uasset" 217
"../../../Engine/Content/EngineSky/T_Sky_Stars.uasset" 218
"../../../Engine/Content/EngineSky/M_Sky_Panning_Clouds2.uasset" 219
"../../../Engine/Content/EngineSky/SM_SkySphere.uasset" 220
"../../../Engine/Content/EngineSky/BP_Sky_Sphere.uasset" 221
"../../../../../../Users/37256/Documents/Unreal Projects/p20201112_network/Content/Assets/20191229_Tsenter_Siim_unreal_modif/Materials/Default.uasset" 222
"../../../../../../Users/37256/Documents/Unreal Projects/p20201112_network/Content/Assets/Beer_Bottles_Clank-15246-Free-Loops_com.uasset" 223
"../../../../../../Users/37256/Documents/Unreal Projects/p20201112_network/Content/Assets/Bottle/Materials/Color_E03.uasset" 224
"../../../../../../Users/37256/Documents/Unreal Projects/p20201112_network/Content/Assets/Bottle/Materials/Translucent_Glass_Gray.uasset" 225
"../../../../../../Users/37256/Documents/Unreal Projects/p20201112_network/Content/Assets/Bottle/Geometries/Bottle.uasset" 226
"../../../../../../Users/37256/Documents/Unreal Projects/p20201112_network/Content/S_Blueprints/BottleCOllect.uasset" 227
"../../../../../../Users/37256/Documents/Unreal Projects/p20201112_network/Content/Mannequin/Animations/ThirdPerson_Jump.uasset" 228
"../../../../../../Users/37256/Documents/Unreal Projects/p20201112_network/Content/Mannequin/Animations/ThirdPersonJump_Loop.uasset" 229
"../../../../../../Users/37256/Documents/Unreal Projects/p20201112_network/Content/Mannequin/Animations/ThirdPersonJump_Start.uasset" 230
"../../../../../../Users/37256/Documents/Unreal Projects/p20201112_network/Content/Mannequin/Animations/ThirdPersonIdle.uasset" 231
"../../../../../../Users/37256/Documents/Unreal Projects/p20201112_network/Content/Mannequin/Animations/ThirdPersonRun.uasset" 232
"../../../../../../Users/37256/Documents/Unreal Projects/p20201112_network/Content/Mannequin/Animations/ThirdPersonWalk.uasset" 233
"../../../../../../Users/37256/Documents/Unreal Projects/p20201112_network/Content/Mannequin/Animations/ThirdPerson_IdleRun_2D.uasset" 234
"../../../../../../Users/37256/Documents/Unreal Projects/p20201112_network/Content/Mannequin/Animations/ThirdPerson_AnimBP.uasset" 235
"../../../Engine/Content/Functions/Engine_MaterialFunctions02/Utility/BlendAngleCorrectedNormals.uasset" 236
"../../../Engine/Content/Functions/MaterialLayerFunctions/MatLayerBlend_NormalBlend.uasset" 237
"../../../Engine/Content/Functions/MaterialLayerFunctions/MatLayerBlend_Simple.uasset" 238
"../../../../../../Users/37256/Documents/Unreal Projects/p20201112_network/Content/Mannequin/Character/Materials/MaterialLayers/T_ML_Rubber_Blue_01_D.uasset" 239
"../../../../../../Users/37256/Documents/Unreal Projects/p20201112_network/Content/Mannequin/Character/Materials/MaterialLayers/T_ML_Rubber_Blue_01_N.uasset" 240
"../../../../../../Users/37256/Documents/Unreal Projects/p20201112_network/Content/Mannequin/Character/Materials/MaterialLayers/ML_GlossyBlack_Latex_UE4.uasset" 241
"../../../../../../Users/37256/Documents/Unreal Projects/p20201112_network/Content/Mannequin/Character/Materials/MaterialLayers/ML_Plastic_Shiny_Beige.uasset" 242
"../../../../../../Users/37256/Documents/Unreal Projects/p20201112_network/Content/Mannequin/Character/Textures/UE4_LOGO_CARD.uasset" 243
"../../../../../../Users/37256/Documents/Unreal Projects/p20201112_network/Content/Mannequin/Character/Materials/MaterialLayers/ML_Plastic_Shiny_Beige_LOGO.uasset" 244
"../../../../../../Users/37256/Documents/Unreal Projects/p20201112_network/Content/Mannequin/Character/Materials/MaterialLayers/T_ML_Aluminum01.uasset" 245
"../../../../../../Users/37256/Documents/Unreal Projects/p20201112_network/Content/Mannequin/Character/Materials/MaterialLayers/T_ML_Aluminum01_N.uasset" 246
"../../../../../../Users/37256/Documents/Unreal Projects/p20201112_network/Content/Mannequin/Character/Materials/MaterialLayers/ML_SoftMetal_UE4.uasset" 247
"../../../../../../Users/37256/Documents/Unreal Projects/p20201112_network/Content/Mannequin/Character/Textures/UE4_Mannequin__normals.uasset" 248
"../../../../../../Users/37256/Documents/Unreal Projects/p20201112_network/Content/Mannequin/Character/Textures/UE4_Mannequin_MAT_MASKA.uasset" 249
"../../../../../../Users/37256/Documents/Unreal Projects/p20201112_network/Content/Mannequin/Character/Materials/M_UE4Man_Body.uasset" 250
"../../../../../../Users/37256/Documents/Unreal Projects/p20201112_network/Content/Mannequin/Character/Textures/UE4Man_Logo_N.uasset" 251
"../../../../../../Users/37256/Documents/Unreal Projects/p20201112_network/Content/Mannequin/Character/Materials/M_UE4Man_ChestLogo.uasset" 252
"../../../../../../Users/37256/Documents/Unreal Projects/p20201112_network/Content/Mannequin/Character/Mesh/SK_Mannequin_PhysicsAsset.uasset" 253
"../../../../../../Users/37256/Documents/Unreal Projects/p20201112_network/Content/Mannequin/Character/Mesh/SK_Mannequin.uasset" 254
"../../../../../../Users/37256/Documents/Unreal Projects/p20201112_network/Content/S_Blueprints/Characters/0_Base.uasset" 255
"../../../../../../Users/37256/Documents/Unreal Projects/p20201112_network/Content/S_Blueprints/Level_1/Level_1_PC.uasset" 256
"../../../../../../Users/37256/Documents/Unreal Projects/p20201112_network/Content/S_Blueprints/Level_1/Level_1_GM.uasset" 257
"../../../../../../Users/37256/Documents/Unreal Projects/p20201112_network/Content/Assets/20191229_Tsenter_Siim_unreal_modif/20191229_Tsenter_Siim_unreal_modif.uasset" 258
"../../../../../../Users/37256/Documents/Unreal Projects/p20201112_network/Content/S_Maps/Manor_BuiltData.uasset" 259
"../../../../../../Users/37256/Documents/Unreal Projects/p20201112_network/Content/Assets/20191229_Tsenter_Siim_unreal_modif/Materials/Translucent_Glass_Gray.uasset" 260
"../../../../../../Users/37256/Documents/Unreal Projects/p20201112_network/Content/Assets/20191229_Tsenter_Siim_unreal_modif/Textures/Wood_Plywood_Knots.uasset" 261
"../../../../../../Users/37256/Documents/Unreal Projects/p20201112_network/Content/Assets/20191229_Tsenter_Siim_unreal_modif/Materials/Wood_Plywood_Knots_2.uasset" 262
"../../../../../../Users/37256/Documents/Unreal Projects/p20201112_network/Content/Assets/20191229_Tsenter_Siim_unreal_modif/Geometries/Group_17.uasset" 263
"../../../../../../Users/37256/Documents/Unreal Projects/p20201112_network/Content/Assets/20191229_Tsenter_Siim_unreal_modif/Geometries/Group_18.uasset" 264
"../../../../../../Users/37256/Documents/Unreal Projects/p20201112_network/Content/Assets/20191229_Tsenter_Siim_unreal_modif/Geometries/Group_19.uasset" 265
"../../../../../../Users/37256/Documents/Unreal Projects/p20201112_network/Content/Assets/20191229_Tsenter_Siim_unreal_modif/Geometries/Group_20.uasset" 266
"../../../../../../Users/37256/Documents/Unreal Projects/p20201112_network/Content/Assets/20191229_Tsenter_Siim_unreal_modif/Geometries/Group_21.uasset" 267
"../../../../../../Users/37256/Documents/Unreal Projects/p20201112_network/Content/Assets/20191229_Tsenter_Siim_unreal_modif/Geometries/Group_26.uasset" 268
"../../../../../../Users/37256/Documents/Unreal Projects/p20201112_network/Content/Assets/20191229_Tsenter_Siim_unreal_modif/Geometries/Group_30.uasset" 269
"../../../../../../Users/37256/Documents/Unreal Projects/p20201112_network/Content/Assets/20191229_Tsenter_Siim_unreal_modif/Geometries/Group_31.uasset" 270
"../../../../../../Users/37256/Documents/Unreal Projects/p20201112_network/Content/Assets/20191229_Tsenter_Siim_unreal_modif/Geometries/Group_32.uasset" 271
"../../../../../../Users/37256/Documents/Unreal Projects/p20201112_network/Content/Assets/20191229_Tsenter_Siim_unreal_modif/Materials/Wood_Plywood_Knots.uasset" 272
"../../../../../../Users/37256/Documents/Unreal Projects/p20201112_network/Content/Assets/20191229_Tsenter_Siim_unreal_modif/Geometries/Group_34.uasset" 273
"../../../../../../Users/37256/Documents/Unreal Projects/p20201112_network/Content/Assets/20191229_Tsenter_Siim_unreal_modif/Geometries/Group_4.uasset" 274
"../../../../../../Users/37256/Documents/Unreal Projects/p20201112_network/Content/Assets/20191229_Tsenter_Siim_unreal_modif/Geometries/Group_43.uasset" 275
"../../../../../../Users/37256/Documents/Unreal Projects/p20201112_network/Content/Assets/20191229_Tsenter_Siim_unreal_modif/Geometries/Group_44.uasset" 276
"../../../../../../Users/37256/Documents/Unreal Projects/p20201112_network/Content/Assets/20191229_Tsenter_Siim_unreal_modif/Geometries/Group_45.uasset" 277
"../../../../../../Users/37256/Documents/Unreal Projects/p20201112_network/Content/Assets/20191229_Tsenter_Siim_unreal_modif/Geometries/Group_46.uasset" 278
"../../../../../../Users/37256/Documents/Unreal Projects/p20201112_network/Content/Assets/20191229_Tsenter_Siim_unreal_modif/Geometries/Group_47.uasset" 279
"../../../../../../Users/37256/Documents/Unreal Projects/p20201112_network/Content/Assets/20191229_Tsenter_Siim_unreal_modif/Geometries/Group_48.uasset" 280
"../../../../../../Users/37256/Documents/Unreal Projects/p20201112_network/Content/Assets/20191229_Tsenter_Siim_unreal_modif/Geometries/Group_53.uasset" 281
"../../../../../../Users/37256/Documents/Unreal Projects/p20201112_network/Content/Assets/20191229_Tsenter_Siim_unreal_modif/Geometries/Group_54.uasset" 282
"../../../../../../Users/37256/Documents/Unreal Projects/p20201112_network/Content/Assets/20191229_Tsenter_Siim_unreal_modif/Geometries/Group_56.uasset" 283
"../../../../../../Users/37256/Documents/Unreal Projects/p20201112_network/Content/Assets/20191229_Tsenter_Siim_unreal_modif/Geometries/Group_57.uasset" 284
"../../../../../../Users/37256/Documents/Unreal Projects/p20201112_network/Content/Assets/20191229_Tsenter_Siim_unreal_modif/Geometries/Group_58.uasset" 285
"../../../../../../Users/37256/Documents/Unreal Projects/p20201112_network/Content/Assets/20191229_Tsenter_Siim_unreal_modif/Geometries/Group_59.uasset" 286
"../../../../../../Users/37256/Documents/Unreal Projects/p20201112_network/Content/Assets/20191229_Tsenter_Siim_unreal_modif/Geometries/Group_60.uasset" 287
"../../../../../../Users/37256/Documents/Unreal Projects/p20201112_network/Content/Assets/20191229_Tsenter_Siim_unreal_modif/Geometries/Group_61.uasset" 288
"../../../../../../Users/37256/Documents/Unreal Projects/p20201112_network/Content/Assets/20191229_Tsenter_Siim_unreal_modif/Geometries/Group_62.uasset" 289
"../../../../../../Users/37256/Documents/Unreal Projects/p20201112_network/Content/Assets/20191229_Tsenter_Siim_unreal_modif/Geometries/Group_63.uasset" 290
"../../../../../../Users/37256/Documents/Unreal Projects/p20201112_network/Content/Assets/20191229_Tsenter_Siim_unreal_modif/Geometries/Group_64.uasset" 291
"../../../../../../Users/37256/Documents/Unreal Projects/p20201112_network/Content/Assets/20191229_Tsenter_Siim_unreal_modif/Geometries/Group_65.uasset" 292
"../../../../../../Users/37256/Documents/Unreal Projects/p20201112_network/Content/Assets/20191229_Tsenter_Siim_unreal_modif/Geometries/Group_66.uasset" 293
"../../../../../../Users/37256/Documents/Unreal Projects/p20201112_network/Content/Assets/20191229_Tsenter_Siim_unreal_modif/Geometries/Group_67.uasset" 294
"../../../../../../Users/37256/Documents/Unreal Projects/p20201112_network/Content/Assets/20191229_Tsenter_Siim_unreal_modif/Geometries/Group_68.uasset" 295
"../../../../../../Users/37256/Documents/Unreal Projects/p20201112_network/Content/Assets/20191229_Tsenter_Siim_unreal_modif/Geometries/Group_69.uasset" 296
"../../../../../../Users/37256/Documents/Unreal Projects/p20201112_network/Content/S_Maps/Manor.umap" 297
"../../../../../../Users/37256/Documents/Unreal Projects/p20201112_network/Content/Assets/20201119_3dek_ue4/20201119_3dek_ue4.uasset" 298
"../../../../../../Users/37256/Documents/Unreal Projects/p20201112_network/Content/S_Maps/School_BuiltData.uasset" 299
"../../../../../../Users/37256/Documents/Unreal Projects/p20201112_network/Content/Assets/20201119_3dek_ue4/Materials/Default.uasset" 300
"../../../../../../Users/37256/Documents/Unreal Projects/p20201112_network/Content/Assets/20201119_3dek_ue4/Materials/Color_B07.uasset" 301
"../../../../../../Users/37256/Documents/Unreal Projects/p20201112_network/Content/Assets/20201119_3dek_ue4/Materials/Color_G06.uasset" 302
"../../../../../../Users/37256/Documents/Unreal Projects/p20201112_network/Content/Assets/20201119_3dek_ue4/Materials/Color_L05.uasset" 303
"../../../../../../Users/37256/Documents/Unreal Projects/p20201112_network/Content/Assets/20201119_3dek_ue4/Materials/Color_M00.uasset" 304
"../../../../../../Users/37256/Documents/Unreal Projects/p20201112_network/Content/Assets/20201119_3dek_ue4/Textures/office-hallway-with-elevator-screen-billboard_1441-3961.uasset" 305
"../../../../../../Users/37256/Documents/Unreal Projects/p20201112_network/Content/Assets/20201119_3dek_ue4/Materials/office-hallway-with-elevator-screen-billboard_1441-3961.uasset" 306
"../../../../../../Users/37256/Documents/Unreal Projects/p20201112_network/Content/Assets/20201119_3dek_ue4/Textures/Tile_Limestone_Large.uasset" 307
"../../../../../../Users/37256/Documents/Unreal Projects/p20201112_network/Content/Assets/20201119_3dek_ue4/Materials/Tile_Limestone_Large.uasset" 308
"../../../../../../Users/37256/Documents/Unreal Projects/p20201112_network/Content/Assets/20201119_3dek_ue4/Materials/Translucent_Glass_Gray.uasset" 309
"../../../../../../Users/37256/Documents/Unreal Projects/p20201112_network/Content/Assets/20201119_3dek_ue4/Textures/Wood_Floor.uasset" 310
"../../../../../../Users/37256/Documents/Unreal Projects/p20201112_network/Content/Assets/20201119_3dek_ue4/Materials/Wood_Floor.uasset" 311
"../../../../../../Users/37256/Documents/Unreal Projects/p20201112_network/Content/Assets/20201119_3dek_ue4/Textures/Wood_02.uasset" 312
"../../../../../../Users/37256/Documents/Unreal Projects/p20201112_network/Content/Assets/20201119_3dek_ue4/Materials/Wood_Veneer_02_1.uasset" 313
"../../../../../../Users/37256/Documents/Unreal Projects/p20201112_network/Content/Assets/20201119_3dek_ue4/Geometries/SketchUp_Model.uasset" 314
"../../../../../../Users/37256/Documents/Unreal Projects/p20201112_network/Content/S_Maps/School.umap" 315
